  CTilemapEditorLevel.cpp
C:\Users\jypark\Documents\GitHub\Pokemon-Infinity\Infinity\CTilemapEditorLevel.cpp(120,84): warning C4244: '인수': 'float'에서 'int'(으)로 변환하면서 데이터가 손실될 수 있습니다.
  (소스 파일 '/CTilemapEditorLevel.cpp'을(를) 컴파일하는 중)
  
C:\Users\jypark\Documents\GitHub\Pokemon-Infinity\Infinity\CTilemapEditorLevel.cpp(120,63): warning C4244: '인수': 'float'에서 'int'(으)로 변환하면서 데이터가 손실될 수 있습니다.
  (소스 파일 '/CTilemapEditorLevel.cpp'을(를) 컴파일하는 중)
  
C:\Users\jypark\Documents\GitHub\Pokemon-Infinity\Infinity\CTilemapEditorLevel.cpp(139,55): warning C4244: '인수': 'float'에서 'int'(으)로 변환하면서 데이터가 손실될 수 있습니다.
  (소스 파일 '/CTilemapEditorLevel.cpp'을(를) 컴파일하는 중)
  
C:\Users\jypark\Documents\GitHub\Pokemon-Infinity\Infinity\CTilemapEditorLevel.cpp(139,38): warning C4244: '인수': 'float'에서 'int'(으)로 변환하면서 데이터가 손실될 수 있습니다.
  (소스 파일 '/CTilemapEditorLevel.cpp'을(를) 컴파일하는 중)
  
C:\Users\jypark\Documents\GitHub\Pokemon-Infinity\Infinity\CTilemapEditorLevel.cpp(149,52): warning C4244: '인수': 'float'에서 'int'(으)로 변환하면서 데이터가 손실될 수 있습니다.
  (소스 파일 '/CTilemapEditorLevel.cpp'을(를) 컴파일하는 중)
  
C:\Users\jypark\Documents\GitHub\Pokemon-Infinity\Infinity\CTilemapEditorLevel.cpp(149,35): warning C4244: '인수': 'float'에서 'int'(으)로 변환하면서 데이터가 손실될 수 있습니다.
  (소스 파일 '/CTilemapEditorLevel.cpp'을(를) 컴파일하는 중)
  
C:\Users\jypark\Documents\GitHub\Pokemon-Infinity\Infinity\CTilemapEditorLevel.cpp(300,20): warning C4267: '초기화 중': 'size_t'에서 'int'(으)로 변환하면서 데이터가 손실될 수 있습니다.
  (소스 파일 '/CTilemapEditorLevel.cpp'을(를) 컴파일하는 중)
  
C:\Users\jypark\Documents\GitHub\Pokemon-Infinity\Infinity\CTilemapEditorLevel.cpp(437,111): warning C4244: '인수': 'float'에서 'UINT'(으)로 변환하면서 데이터가 손실될 수 있습니다.
  (소스 파일 '/CTilemapEditorLevel.cpp'을(를) 컴파일하는 중)
  
C:\Users\jypark\Documents\GitHub\Pokemon-Infinity\Infinity\CTilemapEditorLevel.cpp(437,94): warning C4244: '인수': 'float'에서 'UINT'(으)로 변환하면서 데이터가 손실될 수 있습니다.
  (소스 파일 '/CTilemapEditorLevel.cpp'을(를) 컴파일하는 중)
  
C:\Users\jypark\Documents\GitHub\Pokemon-Infinity\Infinity\CTilemapEditorLevel.cpp(489,29): warning C4244: '=': 'LONG'에서 'float'(으)로 변환하면서 데이터가 손실될 수 있습니다.
  (소스 파일 '/CTilemapEditorLevel.cpp'을(를) 컴파일하는 중)
  
C:\Users\jypark\Documents\GitHub\Pokemon-Infinity\Infinity\CTilemapEditorLevel.cpp(490,29): warning C4244: '=': 'LONG'에서 'float'(으)로 변환하면서 데이터가 손실될 수 있습니다.
  (소스 파일 '/CTilemapEditorLevel.cpp'을(를) 컴파일하는 중)
  
C:\Users\jypark\Documents\GitHub\Pokemon-Infinity\Infinity\CTilemapEditorLevel.cpp(492,12): warning C4244: '초기화 중': 'float'에서 'int'(으)로 변환하면서 데이터가 손실될 수 있습니다.
  (소스 파일 '/CTilemapEditorLevel.cpp'을(를) 컴파일하는 중)
  
C:\Users\jypark\Documents\GitHub\Pokemon-Infinity\Infinity\CTilemapEditorLevel.cpp(493,12): warning C4244: '초기화 중': 'float'에서 'int'(으)로 변환하면서 데이터가 손실될 수 있습니다.
  (소스 파일 '/CTilemapEditorLevel.cpp'을(를) 컴파일하는 중)
  
C:\Users\jypark\Documents\GitHub\Pokemon-Infinity\Infinity\CTilemapEditorLevel.cpp(533,14): warning C4244: '초기화 중': 'LRESULT'에서 'int'(으)로 변환하면서 데이터가 손실될 수 있습니다.
  (소스 파일 '/CTilemapEditorLevel.cpp'을(를) 컴파일하는 중)
  
  Infinity.vcxproj -> C:\Users\jypark\Documents\GitHub\Pokemon-Infinity\Binaries\Infinity_Debug.exe
